# JRE version: OpenJDK Runtime Environment (8.0_242-b01) (build 1.8.0_242-release-1644-b01)
# Java VM: OpenJDK 64-Bit Server VM (25.242-b01 mixed mode windows-amd64 compressed oops)
Heap:
 PSYoungGen      total 415744K, used 170223K [0x00000000d5580000, 0x00000000f0e00000, 0x0000000100000000)
  eden space 380416K, 44% used [0x00000000d5580000,0x00000000dfbbbdb0,0x00000000ec900000)
  from space 35328K, 0% used [0x00000000ec900000,0x00000000ec900000,0x00000000eeb80000)
  to   space 27648K, 0% used [0x00000000eef00000,0x00000000eef00000,0x00000000f0a00000)
 ParOldGen       total 115200K, used 78358K [0x0000000080000000, 0x0000000087080000, 0x00000000d5580000)
  object space 115200K, 68% used [0x0000000080000000,0x0000000084c85ac0,0x0000000087080000)
 Metaspace       used 95707K, capacity 100346K, committed 100864K, reserved 1136640K
  class space    used 12536K, capacity 13429K, committed 13568K, reserved 1048576K
GC Heap History (10 events):
Event: 26.614 GC heap before
{Heap before GC invocations=13 (full 3):
 PSYoungGen      total 348160K, used 19604K [0x00000000d5580000, 0x00000000ec280000, 0x0000000100000000)
  eden space 327680K, 0% used [0x00000000d5580000,0x00000000d5580000,0x00000000e9580000)
  from space 20480K, 95% used [0x00000000eac00000,0x00000000ebf25310,0x00000000ec000000)
  to   space 23040K, 0% used [0x00000000e9580000,0x00000000e9580000,0x00000000eac00000)
 ParOldGen       total 73216K, used 26808K [0x0000000080000000, 0x0000000084780000, 0x00000000d5580000)
  object space 73216K, 36% used [0x0000000080000000,0x0000000081a2e018,0x0000000084780000)
 Metaspace       used 56715K, capacity 58900K, committed 59008K, reserved 1099776K
  class space    used 7564K, capacity 8040K, committed 8064K, reserved 1048576K
Event: 27.084 GC heap after
Heap after GC invocations=13 (full 3):
 PSYoungGen      total 348160K, used 0K [0x00000000d5580000, 0x00000000ec280000, 0x0000000100000000)
  eden space 327680K, 0% used [0x00000000d5580000,0x00000000d5580000,0x00000000e9580000)
  from space 20480K, 0% used [0x00000000eac00000,0x00000000eac00000,0x00000000ec000000)
  to   space 23040K, 0% used [0x00000000e9580000,0x00000000e9580000,0x00000000eac00000)
 ParOldGen       total 115200K, used 31800K [0x0000000080000000, 0x0000000087080000, 0x00000000d5580000)
  object space 115200K, 27% used [0x0000000080000000,0x0000000081f0e008,0x0000000087080000)
 Metaspace       used 56647K, capacity 58724K, committed 59008K, reserved 1099776K
  class space    used 7546K, capacity 8016K, committed 8064K, reserved 1048576K
}
Event: 34.920 GC heap before
{Heap before GC invocations=14 (full 3):
 PSYoungGen      total 348160K, used 327680K [0x00000000d5580000, 0x00000000ec280000, 0x0000000100000000)
  eden space 327680K, 100% used [0x00000000d5580000,0x00000000e9580000,0x00000000e9580000)
  from space 20480K, 0% used [0x00000000eac00000,0x00000000eac00000,0x00000000ec000000)
  to   space 23040K, 0% used [0x00000000e9580000,0x00000000e9580000,0x00000000eac00000)
 ParOldGen       total 115200K, used 31800K [0x0000000080000000, 0x0000000087080000, 0x00000000d5580000)
  object space 115200K, 27% used [0x0000000080000000,0x0000000081f0e008,0x0000000087080000)
 Metaspace       used 73922K, capacity 77350K, committed 77568K, reserved 1116160K
  class space    used 9991K, capacity 10675K, committed 10752K, reserved 1048576K
Event: 34.971 GC heap after
Heap after GC invocations=14 (full 3):
 PSYoungGen      total 350720K, used 23016K [0x00000000d5580000, 0x00000000f0a00000, 0x0000000100000000)
  eden space 327680K, 0% used [0x00000000d5580000,0x00000000d5580000,0x00000000e9580000)
  from space 23040K, 99% used [0x00000000e9580000,0x00000000eabfa140,0x00000000eac00000)
  to   space 27648K, 0% used [0x00000000eef00000,0x00000000eef00000,0x00000000f0a00000)
 ParOldGen       total 115200K, used 35119K [0x0000000080000000, 0x0000000087080000, 0x00000000d5580000)
  object space 115200K, 30% used [0x0000000080000000,0x000000008224be98,0x0000000087080000)
 Metaspace       used 73922K, capacity 77350K, committed 77568K, reserved 1116160K
  class space    used 9991K, capacity 10675K, committed 10752K, reserved 1048576K
}
Event: 117.230 GC heap before
{Heap before GC invocations=15 (full 3):
 PSYoungGen      total 350720K, used 350696K [0x00000000d5580000, 0x00000000f0a00000, 0x0000000100000000)
  eden space 327680K, 100% used [0x00000000d5580000,0x00000000e9580000,0x00000000e9580000)
  from space 23040K, 99% used [0x00000000e9580000,0x00000000eabfa140,0x00000000eac00000)
  to   space 27648K, 0% used [0x00000000eef00000,0x00000000eef00000,0x00000000f0a00000)
 ParOldGen       total 115200K, used 35119K [0x0000000080000000, 0x0000000087080000, 0x00000000d5580000)
  object space 115200K, 30% used [0x0000000080000000,0x000000008224be98,0x0000000087080000)
 Metaspace       used 85607K, capacity 89636K, committed 89728K, reserved 1126400K
  class space    used 11266K, capacity 12094K, committed 12160K, reserved 1048576K
Event: 117.301 GC heap after
Heap after GC invocations=15 (full 3):
 PSYoungGen      total 408064K, used 27632K [0x00000000d5580000, 0x00000000f0e00000, 0x0000000100000000)
  eden space 380416K, 0% used [0x00000000d5580000,0x00000000d5580000,0x00000000ec900000)
  from space 27648K, 99% used [0x00000000eef00000,0x00000000f09fc248,0x00000000f0a00000)
  to   space 35328K, 0% used [0x00000000ec900000,0x00000000ec900000,0x00000000eeb80000)
 ParOldGen       total 115200K, used 44514K [0x0000000080000000, 0x0000000087080000, 0x00000000d5580000)
  object space 115200K, 38% used [0x0000000080000000,0x0000000082b78948,0x0000000087080000)
 Metaspace       used 85607K, capacity 89636K, committed 89728K, reserved 1126400K
  class space    used 11266K, capacity 12094K, committed 12160K, reserved 1048576K
}
Event: 374.592 GC heap before
{Heap before GC invocations=16 (full 3):
 PSYoungGen      total 408064K, used 404618K [0x00000000d5580000, 0x00000000f0e00000, 0x0000000100000000)
  eden space 380416K, 99% used [0x00000000d5580000,0x00000000ec5a6790,0x00000000ec900000)
  from space 27648K, 99% used [0x00000000eef00000,0x00000000f09fc248,0x00000000f0a00000)
  to   space 35328K, 0% used [0x00000000ec900000,0x00000000ec900000,0x00000000eeb80000)
 ParOldGen       total 115200K, used 44514K [0x0000000080000000, 0x0000000087080000, 0x00000000d5580000)
  object space 115200K, 38% used [0x0000000080000000,0x0000000082b78948,0x0000000087080000)
 Metaspace       used 93371K, capacity 98194K, committed 98304K, reserved 1134592K
  class space    used 12330K, capacity 13267K, committed 13312K, reserved 1048576K
Event: 374.939 GC heap after
Heap after GC invocations=16 (full 3):
 PSYoungGen      total 415744K, used 35083K [0x00000000d5580000, 0x00000000f0e00000, 0x0000000100000000)
  eden space 380416K, 0% used [0x00000000d5580000,0x00000000d5580000,0x00000000ec900000)
  from space 35328K, 99% used [0x00000000ec900000,0x00000000eeb42e08,0x00000000eeb80000)
  to   space 27648K, 0% used [0x00000000eef00000,0x00000000eef00000,0x00000000f0a00000)
 ParOldGen       total 115200K, used 63686K [0x0000000080000000, 0x0000000087080000, 0x00000000d5580000)
  object space 115200K, 55% used [0x0000000080000000,0x0000000083e31aa0,0x0000000087080000)
 Metaspace       used 93371K, capacity 98194K, committed 98304K, reserved 1134592K
  class space    used 12330K, capacity 13267K, committed 13312K, reserved 1048576K
}
Event: 374.939 GC heap before
{Heap before GC invocations=17 (full 4):
 PSYoungGen      total 415744K, used 35083K [0x00000000d5580000, 0x00000000f0e00000, 0x0000000100000000)
  eden space 380416K, 0% used [0x00000000d5580000,0x00000000d5580000,0x00000000ec900000)
  from space 35328K, 99% used [0x00000000ec900000,0x00000000eeb42e08,0x00000000eeb80000)
  to   space 27648K, 0% used [0x00000000eef00000,0x00000000eef00000,0x00000000f0a00000)
 ParOldGen       total 115200K, used 63686K [0x0000000080000000, 0x0000000087080000, 0x00000000d5580000)
  object space 115200K, 55% used [0x0000000080000000,0x0000000083e31aa0,0x0000000087080000)
 Metaspace       used 93371K, capacity 98194K, committed 98304K, reserved 1134592K
  class space    used 12330K, capacity 13267K, committed 13312K, reserved 1048576K
Event: 377.940 GC heap after
Heap after GC invocations=17 (full 4):
 PSYoungGen      total 415744K, used 0K [0x00000000d5580000, 0x00000000f0e00000, 0x0000000100000000)
  eden space 380416K, 0% used [0x00000000d5580000,0x00000000d5580000,0x00000000ec900000)
  from space 35328K, 0% used [0x00000000ec900000,0x00000000ec900000,0x00000000eeb80000)
  to   space 27648K, 0% used [0x00000000eef00000,0x00000000eef00000,0x00000000f0a00000)
 ParOldGen       total 115200K, used 78358K [0x0000000080000000, 0x0000000087080000, 0x00000000d5580000)
  object space 115200K, 68% used [0x0000000080000000,0x0000000084c85ac0,0x0000000087080000)
 Metaspace       used 93118K, capacity 97460K, committed 98304K, reserved 1134592K
  class space    used 12247K, capacity 13120K, committed 13312K, reserved 1048576K
}

